<?xml version="1.0" encoding="UTF-8"?>
<testsuite name="com.mobile.communication.CommunicationApplicationTests" tests="1" skipped="0" failures="0" errors="0" timestamp="2018-12-15T11:41:09" hostname="dilneicunha.com" time="0.05">
  <properties/>
  <testcase name="contextLoads" classname="com.mobile.communication.CommunicationApplicationTests" time="0.05"/>
  <system-out><![CDATA[11:41:00.296 [Test worker] DEBUG org.springframework.test.context.junit4.SpringJUnit4ClassRunner - SpringJUnit4ClassRunner constructor called with [class com.mobile.communication.CommunicationApplicationTests]
11:41:00.305 [Test worker] DEBUG org.springframework.test.context.BootstrapUtils - Instantiating CacheAwareContextLoaderDelegate from class [org.springframework.test.context.cache.DefaultCacheAwareContextLoaderDelegate]
11:41:00.312 [Test worker] DEBUG org.springframework.test.context.BootstrapUtils - Instantiating BootstrapContext using constructor [public org.springframework.test.context.support.DefaultBootstrapContext(java.lang.Class,org.springframework.test.context.CacheAwareContextLoaderDelegate)]
11:41:00.331 [Test worker] DEBUG org.springframework.test.context.BootstrapUtils - Instantiating TestContextBootstrapper for test class [com.mobile.communication.CommunicationApplicationTests] from class [org.springframework.boot.test.context.SpringBootTestContextBootstrapper]
11:41:00.342 [Test worker] INFO org.springframework.boot.test.context.SpringBootTestContextBootstrapper - Neither @ContextConfiguration nor @ContextHierarchy found for test class [com.mobile.communication.CommunicationApplicationTests], using SpringBootContextLoader
11:41:00.345 [Test worker] DEBUG org.springframework.test.context.support.AbstractContextLoader - Did not detect default resource location for test class [com.mobile.communication.CommunicationApplicationTests]: class path resource [com/mobile/communication/CommunicationApplicationTests-context.xml] does not exist
11:41:00.346 [Test worker] DEBUG org.springframework.test.context.support.AbstractContextLoader - Did not detect default resource location for test class [com.mobile.communication.CommunicationApplicationTests]: class path resource [com/mobile/communication/CommunicationApplicationTestsContext.groovy] does not exist
11:41:00.346 [Test worker] INFO org.springframework.test.context.support.AbstractContextLoader - Could not detect default resource locations for test class [com.mobile.communication.CommunicationApplicationTests]: no resource found for suffixes {-context.xml, Context.groovy}.
11:41:00.347 [Test worker] INFO org.springframework.test.context.support.AnnotationConfigContextLoaderUtils - Could not detect default configuration classes for test class [com.mobile.communication.CommunicationApplicationTests]: CommunicationApplicationTests does not declare any static, non-private, non-final, nested classes annotated with @Configuration.
11:41:00.390 [Test worker] DEBUG org.springframework.test.context.support.ActiveProfilesUtils - Could not find an 'annotation declaring class' for annotation type [org.springframework.test.context.ActiveProfiles] and class [com.mobile.communication.CommunicationApplicationTests]
11:41:00.461 [Test worker] DEBUG org.springframework.context.annotation.ClassPathScanningCandidateComponentProvider - Identified candidate component class: file [/home/drcunha/IdeaProjects/communication/build/classes/java/main/com/mobile/communication/CommunicationApplication.class]
11:41:00.463 [Test worker] INFO org.springframework.boot.test.context.SpringBootTestContextBootstrapper - Found @SpringBootConfiguration com.mobile.communication.CommunicationApplication for test class com.mobile.communication.CommunicationApplicationTests
11:41:00.573 [Test worker] DEBUG org.springframework.boot.test.context.SpringBootTestContextBootstrapper - @TestExecutionListeners is not present for class [com.mobile.communication.CommunicationApplicationTests]: using defaults.
11:41:00.575 [Test worker] INFO org.springframework.boot.test.context.SpringBootTestContextBootstrapper - Loaded default TestExecutionListener class names from location [META-INF/spring.factories]: [org.springframework.boot.test.autoconfigure.restdocs.RestDocsTestExecutionListener, org.springframework.boot.test.autoconfigure.web.client.MockRestServiceServerResetTestExecutionListener, org.springframework.boot.test.autoconfigure.web.servlet.MockMvcPrintOnlyOnFailureTestExecutionListener, org.springframework.boot.test.autoconfigure.web.servlet.WebDriverTestExecutionListener, org.springframework.boot.test.mock.mockito.MockitoTestExecutionListener, org.springframework.boot.test.mock.mockito.ResetMocksTestExecutionListener, org.springframework.test.context.web.ServletTestExecutionListener, org.springframework.test.context.support.DirtiesContextBeforeModesTestExecutionListener, org.springframework.test.context.support.DependencyInjectionTestExecutionListener, org.springframework.test.context.support.DirtiesContextTestExecutionListener, org.springframework.test.context.transaction.TransactionalTestExecutionListener, org.springframework.test.context.jdbc.SqlScriptsTestExecutionListener]
11:41:00.595 [Test worker] INFO org.springframework.boot.test.context.SpringBootTestContextBootstrapper - Using TestExecutionListeners: [org.springframework.test.context.web.ServletTestExecutionListener@290ebfd9, org.springframework.test.context.support.DirtiesContextBeforeModesTestExecutionListener@33f622dd, org.springframework.boot.test.mock.mockito.MockitoTestExecutionListener@5681deb8, org.springframework.boot.test.autoconfigure.SpringBootDependencyInjectionTestExecutionListener@173face6, org.springframework.test.context.support.DirtiesContextTestExecutionListener@4b9339af, org.springframework.test.context.transaction.TransactionalTestExecutionListener@49710aca, org.springframework.test.context.jdbc.SqlScriptsTestExecutionListener@115d7942, org.springframework.boot.test.autoconfigure.restdocs.RestDocsTestExecutionListener@7b6faf13, org.springframework.boot.test.autoconfigure.web.client.MockRestServiceServerResetTestExecutionListener@2963af90, org.springframework.boot.test.autoconfigure.web.servlet.MockMvcPrintOnlyOnFailureTestExecutionListener@6805c72c, org.springframework.boot.test.autoconfigure.web.servlet.WebDriverTestExecutionListener@12e82407, org.springframework.boot.test.mock.mockito.ResetMocksTestExecutionListener@1479167e]
11:41:00.598 [Test worker] DEBUG org.springframework.test.annotation.ProfileValueUtils - Retrieved @ProfileValueSourceConfiguration [null] for test class [com.mobile.communication.CommunicationApplicationTests]
11:41:00.599 [Test worker] DEBUG org.springframework.test.annotation.ProfileValueUtils - Retrieved ProfileValueSource type [class org.springframework.test.annotation.SystemProfileValueSource] for class [com.mobile.communication.CommunicationApplicationTests]
11:41:00.599 [Test worker] DEBUG org.springframework.test.annotation.ProfileValueUtils - Retrieved @ProfileValueSourceConfiguration [null] for test class [com.mobile.communication.CommunicationApplicationTests]
11:41:00.600 [Test worker] DEBUG org.springframework.test.annotation.ProfileValueUtils - Retrieved ProfileValueSource type [class org.springframework.test.annotation.SystemProfileValueSource] for class [com.mobile.communication.CommunicationApplicationTests]
11:41:00.604 [Test worker] DEBUG org.springframework.test.context.support.AbstractDirtiesContextTestExecutionListener - Before test class: context [DefaultTestContext@3a66d933 testClass = CommunicationApplicationTests, testInstance = [null], testMethod = [null], testException = [null], mergedContextConfiguration = [WebMergedContextConfiguration@4d8944da testClass = CommunicationApplicationTests, locations = '{}', classes = '{class com.mobile.communication.CommunicationApplication}', contextInitializerClasses = '[]', activeProfiles = '{}', propertySourceLocations = '{}', propertySourceProperties = '{org.springframework.boot.test.context.SpringBootTestContextBootstrapper=true}', contextCustomizers = set[org.springframework.boot.test.autoconfigure.properties.PropertyMappingContextCustomizer@0, org.springframework.boot.test.autoconfigure.web.servlet.WebDriverContextCustomizerFactory$Customizer@4a977402, org.springframework.boot.test.context.filter.ExcludeFilterContextCustomizer@d689cf3, org.springframework.boot.test.json.DuplicateJsonObjectContextCustomizerFactory$DuplicateJsonObjectContextCustomizer@7df6b15, org.springframework.boot.test.mock.mockito.MockitoContextCustomizer@0, org.springframework.boot.test.web.client.TestRestTemplateContextCustomizer@1a61b750], resourceBasePath = 'src/main/webapp', contextLoader = 'org.springframework.boot.test.context.SpringBootContextLoader', parent = [null]], attributes = map['org.springframework.test.context.web.ServletTestExecutionListener.activateListener' -> true]], class annotated with @DirtiesContext [false] with mode [null].
11:41:00.605 [Test worker] DEBUG org.springframework.test.annotation.ProfileValueUtils - Retrieved @ProfileValueSourceConfiguration [null] for test class [com.mobile.communication.CommunicationApplicationTests]
11:41:00.605 [Test worker] DEBUG org.springframework.test.annotation.ProfileValueUtils - Retrieved ProfileValueSource type [class org.springframework.test.annotation.SystemProfileValueSource] for class [com.mobile.communication.CommunicationApplicationTests]
11:41:00.628 [Test worker] DEBUG org.springframework.test.context.support.TestPropertySourceUtils - Adding inlined properties to environment: {spring.jmx.enabled=false, org.springframework.boot.test.context.SpringBootTestContextBootstrapper=true, server.port=-1}

  .   ____          _            __ _ _
 /\\ / ___'_ __ _ _(_)_ __  __ _ \ \ \ \
( ( )\___ | '_ | '_| | '_ \/ _` | \ \ \ \
 \\/  ___)| |_)| | | | | || (_| |  ) ) ) )
  '  |____| .__|_| |_|_| |_\__, | / / / /
 =========|_|==============|___/=/_/_/_/
 :: Spring Boot ::        (v2.1.1.RELEASE)

2018-12-15 11:41:01.033  INFO 18398 --- [    Test worker] c.m.c.CommunicationApplicationTests      : Starting CommunicationApplicationTests on dilneicunha.com with PID 18398 (started by drcunha in /home/drcunha/IdeaProjects/communication)
2018-12-15 11:41:01.035  INFO 18398 --- [    Test worker] c.m.c.CommunicationApplicationTests      : No active profile set, falling back to default profiles: default
2018-12-15 11:41:03.280  INFO 18398 --- [    Test worker] .s.d.r.c.RepositoryConfigurationDelegate : Bootstrapping Spring Data repositories in DEFAULT mode.
2018-12-15 11:41:03.320  INFO 18398 --- [    Test worker] .s.d.r.c.RepositoryConfigurationDelegate : Finished Spring Data repository scanning in 26ms. Found 0 repository interfaces.
2018-12-15 11:41:04.114  INFO 18398 --- [    Test worker] trationDelegate$BeanPostProcessorChecker : Bean 'org.springframework.transaction.annotation.ProxyTransactionManagementConfiguration' of type [org.springframework.transaction.annotation.ProxyTransactionManagementConfiguration$$EnhancerBySpringCGLIB$$53205887] is not eligible for getting processed by all BeanPostProcessors (for example: not eligible for auto-proxying)
2018-12-15 11:41:04.629  INFO 18398 --- [    Test worker] com.zaxxer.hikari.HikariDataSource       : HikariPool-1 - Starting...
2018-12-15 11:41:04.822  INFO 18398 --- [    Test worker] com.zaxxer.hikari.HikariDataSource       : HikariPool-1 - Start completed.
2018-12-15 11:41:04.934  INFO 18398 --- [    Test worker] o.hibernate.jpa.internal.util.LogHelper  : HHH000204: Processing PersistenceUnitInfo [
	name: default
	...]
2018-12-15 11:41:05.015  INFO 18398 --- [    Test worker] org.hibernate.Version                    : HHH000412: Hibernate Core {5.3.7.Final}
2018-12-15 11:41:05.017  INFO 18398 --- [    Test worker] org.hibernate.cfg.Environment            : HHH000206: hibernate.properties not found
2018-12-15 11:41:05.175  INFO 18398 --- [    Test worker] o.hibernate.annotations.common.Version   : HCANN000001: Hibernate Commons Annotations {5.0.4.Final}
2018-12-15 11:41:05.330  INFO 18398 --- [    Test worker] org.hibernate.dialect.Dialect            : HHH000400: Using dialect: org.hibernate.dialect.H2Dialect
2018-12-15 11:41:05.586  INFO 18398 --- [    Test worker] o.h.t.schema.internal.SchemaCreatorImpl  : HHH000476: Executing import script 'org.hibernate.tool.schema.internal.exec.ScriptSourceInputNonExistentImpl@59bd3bb6'
2018-12-15 11:41:05.590  INFO 18398 --- [    Test worker] j.LocalContainerEntityManagerFactoryBean : Initialized JPA EntityManagerFactory for persistence unit 'default'
2018-12-15 11:41:06.362  WARN 18398 --- [    Test worker] aWebConfiguration$JpaWebMvcConfiguration : spring.jpa.open-in-view is enabled by default. Therefore, database queries may be performed during view rendering. Explicitly configure spring.jpa.open-in-view to disable this warning
2018-12-15 11:41:07.158  INFO 18398 --- [    Test worker] o.s.b.a.e.web.EndpointLinksResolver      : Exposing 17 endpoint(s) beneath base path '/actuator'
2018-12-15 11:41:07.480  INFO 18398 --- [    Test worker] pertySourcedRequestMappingHandlerMapping : Mapped URL path [/v2/api-docs] onto method [public org.springframework.http.ResponseEntity<springfox.documentation.spring.web.json.Json> springfox.documentation.swagger2.web.Swagger2Controller.getDocumentation(java.lang.String,javax.servlet.http.HttpServletRequest)]
2018-12-15 11:41:08.296  INFO 18398 --- [    Test worker] o.s.s.concurrent.ThreadPoolTaskExecutor  : Initializing ExecutorService 'applicationTaskExecutor'
2018-12-15 11:41:08.935  INFO 18398 --- [    Test worker] d.s.w.p.DocumentationPluginsBootstrapper : Context refreshed
2018-12-15 11:41:08.959  INFO 18398 --- [    Test worker] d.s.w.p.DocumentationPluginsBootstrapper : Found 1 custom documentation plugin(s)
2018-12-15 11:41:08.998  INFO 18398 --- [    Test worker] s.d.s.w.s.ApiListingReferenceScanner     : Scanning for api listing references
2018-12-15 11:41:09.149  INFO 18398 --- [    Test worker] c.m.c.CommunicationApplicationTests      : Started CommunicationApplicationTests in 8.513 seconds (JVM running for 9.525)
]]></system-out>
  <system-err><![CDATA[]]></system-err>
</testsuite>
