<?xml version="1.0" encoding="UTF-8"?>
<testsuite name="com.mobile.communication.CommunicationApplicationTests" tests="1" skipped="0" failures="0" errors="0" timestamp="2018-12-13T23:27:29" hostname="dilneicunha.com" time="0.311">
  <properties/>
  <testcase name="contextLoads" classname="com.mobile.communication.CommunicationApplicationTests" time="0.311"/>
  <system-out><![CDATA[23:27:16.859 [Test worker] DEBUG org.springframework.test.context.junit4.SpringJUnit4ClassRunner - SpringJUnit4ClassRunner constructor called with [class com.mobile.communication.CommunicationApplicationTests]
23:27:16.868 [Test worker] DEBUG org.springframework.test.context.BootstrapUtils - Instantiating CacheAwareContextLoaderDelegate from class [org.springframework.test.context.cache.DefaultCacheAwareContextLoaderDelegate]
23:27:16.878 [Test worker] DEBUG org.springframework.test.context.BootstrapUtils - Instantiating BootstrapContext using constructor [public org.springframework.test.context.support.DefaultBootstrapContext(java.lang.Class,org.springframework.test.context.CacheAwareContextLoaderDelegate)]
23:27:16.901 [Test worker] DEBUG org.springframework.test.context.BootstrapUtils - Instantiating TestContextBootstrapper for test class [com.mobile.communication.CommunicationApplicationTests] from class [org.springframework.boot.test.context.SpringBootTestContextBootstrapper]
23:27:16.915 [Test worker] INFO org.springframework.boot.test.context.SpringBootTestContextBootstrapper - Neither @ContextConfiguration nor @ContextHierarchy found for test class [com.mobile.communication.CommunicationApplicationTests], using SpringBootContextLoader
23:27:16.918 [Test worker] DEBUG org.springframework.test.context.support.AbstractContextLoader - Did not detect default resource location for test class [com.mobile.communication.CommunicationApplicationTests]: class path resource [com/mobile/communication/CommunicationApplicationTests-context.xml] does not exist
23:27:16.919 [Test worker] DEBUG org.springframework.test.context.support.AbstractContextLoader - Did not detect default resource location for test class [com.mobile.communication.CommunicationApplicationTests]: class path resource [com/mobile/communication/CommunicationApplicationTestsContext.groovy] does not exist
23:27:16.920 [Test worker] INFO org.springframework.test.context.support.AbstractContextLoader - Could not detect default resource locations for test class [com.mobile.communication.CommunicationApplicationTests]: no resource found for suffixes {-context.xml, Context.groovy}.
23:27:16.923 [Test worker] INFO org.springframework.test.context.support.AnnotationConfigContextLoaderUtils - Could not detect default configuration classes for test class [com.mobile.communication.CommunicationApplicationTests]: CommunicationApplicationTests does not declare any static, non-private, non-final, nested classes annotated with @Configuration.
23:27:16.974 [Test worker] DEBUG org.springframework.test.context.support.ActiveProfilesUtils - Could not find an 'annotation declaring class' for annotation type [org.springframework.test.context.ActiveProfiles] and class [com.mobile.communication.CommunicationApplicationTests]
23:27:17.070 [Test worker] DEBUG org.springframework.context.annotation.ClassPathScanningCandidateComponentProvider - Identified candidate component class: file [/home/drcunha/IdeaProjects/communication/build/classes/java/main/com/mobile/communication/CommunicationApplication.class]
23:27:17.073 [Test worker] INFO org.springframework.boot.test.context.SpringBootTestContextBootstrapper - Found @SpringBootConfiguration com.mobile.communication.CommunicationApplication for test class com.mobile.communication.CommunicationApplicationTests
23:27:17.276 [Test worker] DEBUG org.springframework.boot.test.context.SpringBootTestContextBootstrapper - @TestExecutionListeners is not present for class [com.mobile.communication.CommunicationApplicationTests]: using defaults.
23:27:17.277 [Test worker] INFO org.springframework.boot.test.context.SpringBootTestContextBootstrapper - Loaded default TestExecutionListener class names from location [META-INF/spring.factories]: [org.springframework.boot.test.autoconfigure.restdocs.RestDocsTestExecutionListener, org.springframework.boot.test.autoconfigure.web.client.MockRestServiceServerResetTestExecutionListener, org.springframework.boot.test.autoconfigure.web.servlet.MockMvcPrintOnlyOnFailureTestExecutionListener, org.springframework.boot.test.autoconfigure.web.servlet.WebDriverTestExecutionListener, org.springframework.boot.test.mock.mockito.MockitoTestExecutionListener, org.springframework.boot.test.mock.mockito.ResetMocksTestExecutionListener, org.springframework.test.context.web.ServletTestExecutionListener, org.springframework.test.context.support.DirtiesContextBeforeModesTestExecutionListener, org.springframework.test.context.support.DependencyInjectionTestExecutionListener, org.springframework.test.context.support.DirtiesContextTestExecutionListener, org.springframework.test.context.transaction.TransactionalTestExecutionListener, org.springframework.test.context.jdbc.SqlScriptsTestExecutionListener]
23:27:17.305 [Test worker] INFO org.springframework.boot.test.context.SpringBootTestContextBootstrapper - Using TestExecutionListeners: [org.springframework.test.context.web.ServletTestExecutionListener@229a7392, org.springframework.test.context.support.DirtiesContextBeforeModesTestExecutionListener@6fd62691, org.springframework.boot.test.mock.mockito.MockitoTestExecutionListener@2a6edd4, org.springframework.boot.test.autoconfigure.SpringBootDependencyInjectionTestExecutionListener@71165add, org.springframework.test.context.support.DirtiesContextTestExecutionListener@e1a18e, org.springframework.test.context.transaction.TransactionalTestExecutionListener@5eddedad, org.springframework.test.context.jdbc.SqlScriptsTestExecutionListener@6b2073ef, org.springframework.boot.test.autoconfigure.restdocs.RestDocsTestExecutionListener@28a31ce4, org.springframework.boot.test.autoconfigure.web.client.MockRestServiceServerResetTestExecutionListener@254335af, org.springframework.boot.test.autoconfigure.web.servlet.MockMvcPrintOnlyOnFailureTestExecutionListener@14c2142f, org.springframework.boot.test.autoconfigure.web.servlet.WebDriverTestExecutionListener@7c95b253, org.springframework.boot.test.mock.mockito.ResetMocksTestExecutionListener@4c61c519]
23:27:17.311 [Test worker] DEBUG org.springframework.test.annotation.ProfileValueUtils - Retrieved @ProfileValueSourceConfiguration [null] for test class [com.mobile.communication.CommunicationApplicationTests]
23:27:17.313 [Test worker] DEBUG org.springframework.test.annotation.ProfileValueUtils - Retrieved ProfileValueSource type [class org.springframework.test.annotation.SystemProfileValueSource] for class [com.mobile.communication.CommunicationApplicationTests]
23:27:17.314 [Test worker] DEBUG org.springframework.test.annotation.ProfileValueUtils - Retrieved @ProfileValueSourceConfiguration [null] for test class [com.mobile.communication.CommunicationApplicationTests]
23:27:17.314 [Test worker] DEBUG org.springframework.test.annotation.ProfileValueUtils - Retrieved ProfileValueSource type [class org.springframework.test.annotation.SystemProfileValueSource] for class [com.mobile.communication.CommunicationApplicationTests]
23:27:17.322 [Test worker] DEBUG org.springframework.test.context.support.AbstractDirtiesContextTestExecutionListener - Before test class: context [DefaultTestContext@43c9c418 testClass = CommunicationApplicationTests, testInstance = [null], testMethod = [null], testException = [null], mergedContextConfiguration = [WebMergedContextConfiguration@3dac5be4 testClass = CommunicationApplicationTests, locations = '{}', classes = '{class com.mobile.communication.CommunicationApplication}', contextInitializerClasses = '[]', activeProfiles = '{}', propertySourceLocations = '{}', propertySourceProperties = '{org.springframework.boot.test.context.SpringBootTestContextBootstrapper=true}', contextCustomizers = set[org.springframework.boot.test.autoconfigure.properties.PropertyMappingContextCustomizer@0, org.springframework.boot.test.autoconfigure.web.servlet.WebDriverContextCustomizerFactory$Customizer@3d924f7c, org.springframework.boot.test.context.filter.ExcludeFilterContextCustomizer@58a8b2a2, org.springframework.boot.test.json.DuplicateJsonObjectContextCustomizerFactory$DuplicateJsonObjectContextCustomizer@77ee3a68, org.springframework.boot.test.mock.mockito.MockitoContextCustomizer@0, org.springframework.boot.test.web.client.TestRestTemplateContextCustomizer@5860ebe1], resourceBasePath = 'src/main/webapp', contextLoader = 'org.springframework.boot.test.context.SpringBootContextLoader', parent = [null]], attributes = map['org.springframework.test.context.web.ServletTestExecutionListener.activateListener' -> true]], class annotated with @DirtiesContext [false] with mode [null].
23:27:17.323 [Test worker] DEBUG org.springframework.test.annotation.ProfileValueUtils - Retrieved @ProfileValueSourceConfiguration [null] for test class [com.mobile.communication.CommunicationApplicationTests]
23:27:17.324 [Test worker] DEBUG org.springframework.test.annotation.ProfileValueUtils - Retrieved ProfileValueSource type [class org.springframework.test.annotation.SystemProfileValueSource] for class [com.mobile.communication.CommunicationApplicationTests]
23:27:17.355 [Test worker] DEBUG org.springframework.test.context.support.TestPropertySourceUtils - Adding inlined properties to environment: {spring.jmx.enabled=false, org.springframework.boot.test.context.SpringBootTestContextBootstrapper=true, server.port=-1}

  .   ____          _            __ _ _
 /\\ / ___'_ __ _ _(_)_ __  __ _ \ \ \ \
( ( )\___ | '_ | '_| | '_ \/ _` | \ \ \ \
 \\/  ___)| |_)| | | | | || (_| |  ) ) ) )
  '  |____| .__|_| |_|_| |_\__, | / / / /
 =========|_|==============|___/=/_/_/_/
 :: Spring Boot ::        (v2.1.1.RELEASE)

2018-12-13 23:27:18.232  INFO 16014 --- [    Test worker] c.m.c.CommunicationApplicationTests      : Starting CommunicationApplicationTests on dilneicunha.com with PID 16014 (started by drcunha in /home/drcunha/IdeaProjects/communication)
2018-12-13 23:27:18.235  INFO 16014 --- [    Test worker] c.m.c.CommunicationApplicationTests      : No active profile set, falling back to default profiles: default
2018-12-13 23:27:21.570  INFO 16014 --- [    Test worker] .s.d.r.c.RepositoryConfigurationDelegate : Bootstrapping Spring Data repositories in DEFAULT mode.
2018-12-13 23:27:21.612  INFO 16014 --- [    Test worker] .s.d.r.c.RepositoryConfigurationDelegate : Finished Spring Data repository scanning in 29ms. Found 0 repository interfaces.
2018-12-13 23:27:23.040  INFO 16014 --- [    Test worker] trationDelegate$BeanPostProcessorChecker : Bean 'org.springframework.transaction.annotation.ProxyTransactionManagementConfiguration' of type [org.springframework.transaction.annotation.ProxyTransactionManagementConfiguration$$EnhancerBySpringCGLIB$$62101268] is not eligible for getting processed by all BeanPostProcessors (for example: not eligible for auto-proxying)
2018-12-13 23:27:23.524  INFO 16014 --- [    Test worker] com.zaxxer.hikari.HikariDataSource       : HikariPool-1 - Starting...
2018-12-13 23:27:23.822  INFO 16014 --- [    Test worker] com.zaxxer.hikari.HikariDataSource       : HikariPool-1 - Start completed.
2018-12-13 23:27:24.039  INFO 16014 --- [    Test worker] o.hibernate.jpa.internal.util.LogHelper  : HHH000204: Processing PersistenceUnitInfo [
	name: default
	...]
2018-12-13 23:27:24.147  INFO 16014 --- [    Test worker] org.hibernate.Version                    : HHH000412: Hibernate Core {5.3.7.Final}
2018-12-13 23:27:24.149  INFO 16014 --- [    Test worker] org.hibernate.cfg.Environment            : HHH000206: hibernate.properties not found
2018-12-13 23:27:24.403  INFO 16014 --- [    Test worker] o.hibernate.annotations.common.Version   : HCANN000001: Hibernate Commons Annotations {5.0.4.Final}
2018-12-13 23:27:24.616  INFO 16014 --- [    Test worker] org.hibernate.dialect.Dialect            : HHH000400: Using dialect: org.hibernate.dialect.H2Dialect
2018-12-13 23:27:24.996  INFO 16014 --- [    Test worker] o.h.t.schema.internal.SchemaCreatorImpl  : HHH000476: Executing import script 'org.hibernate.tool.schema.internal.exec.ScriptSourceInputNonExistentImpl@2357af47'
2018-12-13 23:27:25.000  INFO 16014 --- [    Test worker] j.LocalContainerEntityManagerFactoryBean : Initialized JPA EntityManagerFactory for persistence unit 'default'
2018-12-13 23:27:26.185  WARN 16014 --- [    Test worker] aWebConfiguration$JpaWebMvcConfiguration : spring.jpa.open-in-view is enabled by default. Therefore, database queries may be performed during view rendering. Explicitly configure spring.jpa.open-in-view to disable this warning
2018-12-13 23:27:27.319  INFO 16014 --- [    Test worker] o.s.b.a.e.web.EndpointLinksResolver      : Exposing 17 endpoint(s) beneath base path '/actuator'
2018-12-13 23:27:27.640  INFO 16014 --- [    Test worker] pertySourcedRequestMappingHandlerMapping : Mapped URL path [/v2/api-docs] onto method [public org.springframework.http.ResponseEntity<springfox.documentation.spring.web.json.Json> springfox.documentation.swagger2.web.Swagger2Controller.getDocumentation(java.lang.String,javax.servlet.http.HttpServletRequest)]
2018-12-13 23:27:28.570  INFO 16014 --- [    Test worker] o.s.s.concurrent.ThreadPoolTaskExecutor  : Initializing ExecutorService 'applicationTaskExecutor'
2018-12-13 23:27:29.287  INFO 16014 --- [    Test worker] d.s.w.p.DocumentationPluginsBootstrapper : Context refreshed
2018-12-13 23:27:29.313  INFO 16014 --- [    Test worker] d.s.w.p.DocumentationPluginsBootstrapper : Found 1 custom documentation plugin(s)
2018-12-13 23:27:29.385  INFO 16014 --- [    Test worker] s.d.s.w.s.ApiListingReferenceScanner     : Scanning for api listing references
2018-12-13 23:27:29.472  INFO 16014 --- [    Test worker] c.m.c.CommunicationApplicationTests      : Started CommunicationApplicationTests in 12.104 seconds (JVM running for 13.643)
]]></system-out>
  <system-err><![CDATA[]]></system-err>
</testsuite>
