<?xml version="1.0" encoding="UTF-8"?>
<testsuite name="com.mobile.communication.CommunicationApplicationTests" tests="1" skipped="0" failures="0" errors="0" timestamp="2018-12-13T22:51:54" hostname="dilneicunha.com" time="0.432">
  <properties/>
  <testcase name="contextLoads" classname="com.mobile.communication.CommunicationApplicationTests" time="0.432"/>
  <system-out><![CDATA[22:51:41.312 [Test worker] DEBUG org.springframework.test.context.junit4.SpringJUnit4ClassRunner - SpringJUnit4ClassRunner constructor called with [class com.mobile.communication.CommunicationApplicationTests]
22:51:41.319 [Test worker] DEBUG org.springframework.test.context.BootstrapUtils - Instantiating CacheAwareContextLoaderDelegate from class [org.springframework.test.context.cache.DefaultCacheAwareContextLoaderDelegate]
22:51:41.328 [Test worker] DEBUG org.springframework.test.context.BootstrapUtils - Instantiating BootstrapContext using constructor [public org.springframework.test.context.support.DefaultBootstrapContext(java.lang.Class,org.springframework.test.context.CacheAwareContextLoaderDelegate)]
22:51:41.350 [Test worker] DEBUG org.springframework.test.context.BootstrapUtils - Instantiating TestContextBootstrapper for test class [com.mobile.communication.CommunicationApplicationTests] from class [org.springframework.boot.test.context.SpringBootTestContextBootstrapper]
22:51:41.380 [Test worker] INFO org.springframework.boot.test.context.SpringBootTestContextBootstrapper - Neither @ContextConfiguration nor @ContextHierarchy found for test class [com.mobile.communication.CommunicationApplicationTests], using SpringBootContextLoader
22:51:41.385 [Test worker] DEBUG org.springframework.test.context.support.AbstractContextLoader - Did not detect default resource location for test class [com.mobile.communication.CommunicationApplicationTests]: class path resource [com/mobile/communication/CommunicationApplicationTests-context.xml] does not exist
22:51:41.386 [Test worker] DEBUG org.springframework.test.context.support.AbstractContextLoader - Did not detect default resource location for test class [com.mobile.communication.CommunicationApplicationTests]: class path resource [com/mobile/communication/CommunicationApplicationTestsContext.groovy] does not exist
22:51:41.387 [Test worker] INFO org.springframework.test.context.support.AbstractContextLoader - Could not detect default resource locations for test class [com.mobile.communication.CommunicationApplicationTests]: no resource found for suffixes {-context.xml, Context.groovy}.
22:51:41.388 [Test worker] INFO org.springframework.test.context.support.AnnotationConfigContextLoaderUtils - Could not detect default configuration classes for test class [com.mobile.communication.CommunicationApplicationTests]: CommunicationApplicationTests does not declare any static, non-private, non-final, nested classes annotated with @Configuration.
22:51:41.458 [Test worker] DEBUG org.springframework.test.context.support.ActiveProfilesUtils - Could not find an 'annotation declaring class' for annotation type [org.springframework.test.context.ActiveProfiles] and class [com.mobile.communication.CommunicationApplicationTests]
22:51:41.580 [Test worker] DEBUG org.springframework.context.annotation.ClassPathScanningCandidateComponentProvider - Identified candidate component class: file [/home/drcunha/IdeaProjects/communication/build/classes/java/main/com/mobile/communication/CommunicationApplication.class]
22:51:41.581 [Test worker] INFO org.springframework.boot.test.context.SpringBootTestContextBootstrapper - Found @SpringBootConfiguration com.mobile.communication.CommunicationApplication for test class com.mobile.communication.CommunicationApplicationTests
22:51:41.729 [Test worker] DEBUG org.springframework.boot.test.context.SpringBootTestContextBootstrapper - @TestExecutionListeners is not present for class [com.mobile.communication.CommunicationApplicationTests]: using defaults.
22:51:41.731 [Test worker] INFO org.springframework.boot.test.context.SpringBootTestContextBootstrapper - Loaded default TestExecutionListener class names from location [META-INF/spring.factories]: [org.springframework.boot.test.autoconfigure.restdocs.RestDocsTestExecutionListener, org.springframework.boot.test.autoconfigure.web.client.MockRestServiceServerResetTestExecutionListener, org.springframework.boot.test.autoconfigure.web.servlet.MockMvcPrintOnlyOnFailureTestExecutionListener, org.springframework.boot.test.autoconfigure.web.servlet.WebDriverTestExecutionListener, org.springframework.boot.test.mock.mockito.MockitoTestExecutionListener, org.springframework.boot.test.mock.mockito.ResetMocksTestExecutionListener, org.springframework.test.context.web.ServletTestExecutionListener, org.springframework.test.context.support.DirtiesContextBeforeModesTestExecutionListener, org.springframework.test.context.support.DependencyInjectionTestExecutionListener, org.springframework.test.context.support.DirtiesContextTestExecutionListener, org.springframework.test.context.transaction.TransactionalTestExecutionListener, org.springframework.test.context.jdbc.SqlScriptsTestExecutionListener]
22:51:41.777 [Test worker] INFO org.springframework.boot.test.context.SpringBootTestContextBootstrapper - Using TestExecutionListeners: [org.springframework.test.context.web.ServletTestExecutionListener@229a7392, org.springframework.test.context.support.DirtiesContextBeforeModesTestExecutionListener@6fd62691, org.springframework.boot.test.mock.mockito.MockitoTestExecutionListener@2a6edd4, org.springframework.boot.test.autoconfigure.SpringBootDependencyInjectionTestExecutionListener@71165add, org.springframework.test.context.support.DirtiesContextTestExecutionListener@e1a18e, org.springframework.test.context.transaction.TransactionalTestExecutionListener@5eddedad, org.springframework.test.context.jdbc.SqlScriptsTestExecutionListener@6b2073ef, org.springframework.boot.test.autoconfigure.restdocs.RestDocsTestExecutionListener@28a31ce4, org.springframework.boot.test.autoconfigure.web.client.MockRestServiceServerResetTestExecutionListener@254335af, org.springframework.boot.test.autoconfigure.web.servlet.MockMvcPrintOnlyOnFailureTestExecutionListener@14c2142f, org.springframework.boot.test.autoconfigure.web.servlet.WebDriverTestExecutionListener@7c95b253, org.springframework.boot.test.mock.mockito.ResetMocksTestExecutionListener@4c61c519]
22:51:41.781 [Test worker] DEBUG org.springframework.test.annotation.ProfileValueUtils - Retrieved @ProfileValueSourceConfiguration [null] for test class [com.mobile.communication.CommunicationApplicationTests]
22:51:41.781 [Test worker] DEBUG org.springframework.test.annotation.ProfileValueUtils - Retrieved ProfileValueSource type [class org.springframework.test.annotation.SystemProfileValueSource] for class [com.mobile.communication.CommunicationApplicationTests]
22:51:41.782 [Test worker] DEBUG org.springframework.test.annotation.ProfileValueUtils - Retrieved @ProfileValueSourceConfiguration [null] for test class [com.mobile.communication.CommunicationApplicationTests]
22:51:41.783 [Test worker] DEBUG org.springframework.test.annotation.ProfileValueUtils - Retrieved ProfileValueSource type [class org.springframework.test.annotation.SystemProfileValueSource] for class [com.mobile.communication.CommunicationApplicationTests]
22:51:41.790 [Test worker] DEBUG org.springframework.test.context.support.AbstractDirtiesContextTestExecutionListener - Before test class: context [DefaultTestContext@43c9c418 testClass = CommunicationApplicationTests, testInstance = [null], testMethod = [null], testException = [null], mergedContextConfiguration = [WebMergedContextConfiguration@3dac5be4 testClass = CommunicationApplicationTests, locations = '{}', classes = '{class com.mobile.communication.CommunicationApplication}', contextInitializerClasses = '[]', activeProfiles = '{}', propertySourceLocations = '{}', propertySourceProperties = '{org.springframework.boot.test.context.SpringBootTestContextBootstrapper=true}', contextCustomizers = set[org.springframework.boot.test.autoconfigure.properties.PropertyMappingContextCustomizer@0, org.springframework.boot.test.autoconfigure.web.servlet.WebDriverContextCustomizerFactory$Customizer@3d924f7c, org.springframework.boot.test.context.filter.ExcludeFilterContextCustomizer@58a8b2a2, org.springframework.boot.test.json.DuplicateJsonObjectContextCustomizerFactory$DuplicateJsonObjectContextCustomizer@77ee3a68, org.springframework.boot.test.mock.mockito.MockitoContextCustomizer@0, org.springframework.boot.test.web.client.TestRestTemplateContextCustomizer@5860ebe1], resourceBasePath = 'src/main/webapp', contextLoader = 'org.springframework.boot.test.context.SpringBootContextLoader', parent = [null]], attributes = map['org.springframework.test.context.web.ServletTestExecutionListener.activateListener' -> true]], class annotated with @DirtiesContext [false] with mode [null].
22:51:41.791 [Test worker] DEBUG org.springframework.test.annotation.ProfileValueUtils - Retrieved @ProfileValueSourceConfiguration [null] for test class [com.mobile.communication.CommunicationApplicationTests]
22:51:41.791 [Test worker] DEBUG org.springframework.test.annotation.ProfileValueUtils - Retrieved ProfileValueSource type [class org.springframework.test.annotation.SystemProfileValueSource] for class [com.mobile.communication.CommunicationApplicationTests]
22:51:41.835 [Test worker] DEBUG org.springframework.test.context.support.TestPropertySourceUtils - Adding inlined properties to environment: {spring.jmx.enabled=false, org.springframework.boot.test.context.SpringBootTestContextBootstrapper=true, server.port=-1}

  .   ____          _            __ _ _
 /\\ / ___'_ __ _ _(_)_ __  __ _ \ \ \ \
( ( )\___ | '_ | '_| | '_ \/ _` | \ \ \ \
 \\/  ___)| |_)| | | | | || (_| |  ) ) ) )
  '  |____| .__|_| |_|_| |_\__, | / / / /
 =========|_|==============|___/=/_/_/_/
 :: Spring Boot ::        (v2.1.1.RELEASE)

2018-12-13 22:51:42.744  INFO 12916 --- [    Test worker] c.m.c.CommunicationApplicationTests      : Starting CommunicationApplicationTests on dilneicunha.com with PID 12916 (started by drcunha in /home/drcunha/IdeaProjects/communication)
2018-12-13 22:51:42.751  INFO 12916 --- [    Test worker] c.m.c.CommunicationApplicationTests      : No active profile set, falling back to default profiles: default
2018-12-13 22:51:46.092  INFO 12916 --- [    Test worker] .s.d.r.c.RepositoryConfigurationDelegate : Bootstrapping Spring Data repositories in DEFAULT mode.
2018-12-13 22:51:46.160  INFO 12916 --- [    Test worker] .s.d.r.c.RepositoryConfigurationDelegate : Finished Spring Data repository scanning in 59ms. Found 0 repository interfaces.
2018-12-13 22:51:47.352  INFO 12916 --- [    Test worker] trationDelegate$BeanPostProcessorChecker : Bean 'org.springframework.transaction.annotation.ProxyTransactionManagementConfiguration' of type [org.springframework.transaction.annotation.ProxyTransactionManagementConfiguration$$EnhancerBySpringCGLIB$$ad6806a0] is not eligible for getting processed by all BeanPostProcessors (for example: not eligible for auto-proxying)
2018-12-13 22:51:47.849  INFO 12916 --- [    Test worker] com.zaxxer.hikari.HikariDataSource       : HikariPool-1 - Starting...
2018-12-13 22:51:48.259  INFO 12916 --- [    Test worker] com.zaxxer.hikari.HikariDataSource       : HikariPool-1 - Start completed.
2018-12-13 22:51:48.529  INFO 12916 --- [    Test worker] o.hibernate.jpa.internal.util.LogHelper  : HHH000204: Processing PersistenceUnitInfo [
	name: default
	...]
2018-12-13 22:51:48.620  INFO 12916 --- [    Test worker] org.hibernate.Version                    : HHH000412: Hibernate Core {5.3.7.Final}
2018-12-13 22:51:48.629  INFO 12916 --- [    Test worker] org.hibernate.cfg.Environment            : HHH000206: hibernate.properties not found
2018-12-13 22:51:48.950  INFO 12916 --- [    Test worker] o.hibernate.annotations.common.Version   : HCANN000001: Hibernate Commons Annotations {5.0.4.Final}
2018-12-13 22:51:49.187  INFO 12916 --- [    Test worker] org.hibernate.dialect.Dialect            : HHH000400: Using dialect: org.hibernate.dialect.H2Dialect
2018-12-13 22:51:49.536  INFO 12916 --- [    Test worker] o.h.t.schema.internal.SchemaCreatorImpl  : HHH000476: Executing import script 'org.hibernate.tool.schema.internal.exec.ScriptSourceInputNonExistentImpl@45a1780c'
2018-12-13 22:51:49.540  INFO 12916 --- [    Test worker] j.LocalContainerEntityManagerFactoryBean : Initialized JPA EntityManagerFactory for persistence unit 'default'
2018-12-13 22:51:50.763  WARN 12916 --- [    Test worker] aWebConfiguration$JpaWebMvcConfiguration : spring.jpa.open-in-view is enabled by default. Therefore, database queries may be performed during view rendering. Explicitly configure spring.jpa.open-in-view to disable this warning
2018-12-13 22:51:51.791  INFO 12916 --- [    Test worker] o.s.b.a.e.web.EndpointLinksResolver      : Exposing 2 endpoint(s) beneath base path '/actuator'
2018-12-13 22:51:52.177  INFO 12916 --- [    Test worker] pertySourcedRequestMappingHandlerMapping : Mapped URL path [/v2/api-docs] onto method [public org.springframework.http.ResponseEntity<springfox.documentation.spring.web.json.Json> springfox.documentation.swagger2.web.Swagger2Controller.getDocumentation(java.lang.String,javax.servlet.http.HttpServletRequest)]
2018-12-13 22:51:53.204  INFO 12916 --- [    Test worker] o.s.s.concurrent.ThreadPoolTaskExecutor  : Initializing ExecutorService 'applicationTaskExecutor'
2018-12-13 22:51:54.302  INFO 12916 --- [    Test worker] d.s.w.p.DocumentationPluginsBootstrapper : Context refreshed
2018-12-13 22:51:54.362  INFO 12916 --- [    Test worker] d.s.w.p.DocumentationPluginsBootstrapper : Found 1 custom documentation plugin(s)
2018-12-13 22:51:54.466  INFO 12916 --- [    Test worker] s.d.s.w.s.ApiListingReferenceScanner     : Scanning for api listing references
2018-12-13 22:51:54.545  INFO 12916 --- [    Test worker] c.m.c.CommunicationApplicationTests      : Started CommunicationApplicationTests in 12.66 seconds (JVM running for 16.296)
]]></system-out>
  <system-err><![CDATA[]]></system-err>
</testsuite>
